This is e-pTeXk, Version 3.1415926-p3.1.11-100420 (utf8.euc) (Web2C 2009) (format=eplatex 2018.4.11)  30 JAN 2019 15:39
entering extended mode
 %&-line parsing enabled.
**\input report.tex
(./report.tex (/usr/share/texmf/ptex/platex/base/jarticle.cls
Document Class: jarticle 2006/06/27 v1.6 Standard pLaTeX class
\c@@paper=\count81
(/usr/share/texmf/ptex/platex/base/jsize10.clo
File: jsize10.clo 2006/06/27 v1.6 Standard pLaTeX file (size option)
)
\c@part=\count82
\c@section=\count83
\c@subsection=\count84
\c@subsubsection=\count85
\c@paragraph=\count86
\c@subparagraph=\count87
\c@figure=\count88
\c@table=\count89
\abovecaptionskip=\skip41
\belowcaptionskip=\skip42
\symmincho=\mathgroup4
LaTeX Font Info:    Overwriting symbol font `mincho' in version `bold'
(Font)                  JY1/mc/m/n --> JY1/gt/m/n on input line 601.
\toclineskip=\dimen118
\@lnumwidth=\dimen119
\bibindent=\dimen120
\heisei=\count90
)
(/usr/share/texmf-dist/tex/latex/listings/listings.sty
(/usr/share/texmf-dist/tex/latex/graphics/keyval.sty
Package: keyval 1999/03/16 v1.13 key=value parser (DPC)
\KV@toks@=\toks15
)
\lst@mode=\count91
\lst@gtempboxa=\box41
\lst@token=\toks16
\lst@length=\count92
\lst@currlwidth=\dimen121
\lst@column=\count93
\lst@pos=\count94
\lst@lostspace=\dimen122
\lst@width=\dimen123
\lst@newlines=\count95
\lst@lineno=\count96
\lst@maxwidth=\dimen124

(/usr/share/texmf-dist/tex/latex/listings/lstmisc.sty
File: lstmisc.sty 2007/02/22 1.4 (Carsten Heinz)
\c@lstnumber=\count97
\lst@skipnumbers=\count98
\lst@framebox=\box42
)
(/usr/share/texmf-dist/tex/latex/listings/listings.cfg
File: listings.cfg 2007/02/22 1.4 listings configuration
))
Package: listings 2007/02/22 1.4 (Carsten Heinz)

(/usr/share/texmf/ptex/platex/jlisting/jlisting.sty
Package: jlisting 2006/02/20 0.2 (Thor)
\lst@nextchar=\count99
\lst@inputfile=\read1
)
(/usr/share/texmf-dist/tex/latex/geometry/geometry.sty
Package: geometry 2008/12/21 v4.2 Page Geometry

(/usr/share/texmf-dist/tex/generic/oberdiek/ifpdf.sty
Package: ifpdf 2009/04/10 v2.0 Provides the ifpdf switch (HO)
Package ifpdf Info: pdfTeX in pdf mode not detected.
)
(/usr/share/texmf-dist/tex/generic/oberdiek/ifvtex.sty
Package: ifvtex 2008/11/04 v1.4 Switches for detecting VTeX and its modes (HO)
Package ifvtex Info: VTeX not detected.
)
\Gm@cnth=\count100
\Gm@cntv=\count101
\c@Gm@tempcnt=\count102
\Gm@bindingoffset=\dimen125
\Gm@wd@mp=\dimen126
\Gm@odd@mp=\dimen127
\Gm@even@mp=\dimen128
\Gm@dimlist=\toks17

(/usr/share/texmf-dist/tex/xelatex/xetexconfig/geometry.cfg)) (./report.aux)
\openout1 = `report.aux'.

LaTeX Font Info:    Checking defaults for OML/cmm/m/it on input line 28.
LaTeX Font Info:    ... okay on input line 28.
LaTeX Font Info:    Checking defaults for T1/cmr/m/n on input line 28.
LaTeX Font Info:    ... okay on input line 28.
LaTeX Font Info:    Checking defaults for OT1/cmr/m/n on input line 28.
LaTeX Font Info:    ... okay on input line 28.
LaTeX Font Info:    Checking defaults for OMS/cmsy/m/n on input line 28.
LaTeX Font Info:    ... okay on input line 28.
LaTeX Font Info:    Checking defaults for OMX/cmex/m/n on input line 28.
LaTeX Font Info:    ... okay on input line 28.
LaTeX Font Info:    Checking defaults for U/cmr/m/n on input line 28.
LaTeX Font Info:    ... okay on input line 28.
LaTeX Font Info:    Checking defaults for JY1/mc/m/n on input line 28.
LaTeX Font Info:    ... okay on input line 28.
LaTeX Font Info:    Checking defaults for JT1/mc/m/n on input line 28.
LaTeX Font Info:    ... okay on input line 28.
\c@lstlisting=\count103

*geometry auto-detecting driver*
*geometry detected driver: dvips*
-------------------- Geometry parameters
paper: class default
landscape: --
twocolumn: --
twoside: --
asymmetric: --
h-parts: 71.1319pt, 455.24408pt, 71.1319pt
v-parts: 42.11008pt, 739.77165pt, 63.16512pt
hmarginratio: 1:1
vmarginratio: 2:3
lines: --
heightrounded: --
bindingoffset: 0.0pt
truedimen: --
includehead: --
includefoot: --
includemp: --
driver: dvips
-------------------- Page layout dimensions and switches
\paperwidth  597.50787pt
\paperheight 845.04684pt
\textwidth  455.24408pt
\textheight 739.77165pt
\oddsidemargin  -1.13809pt
\evensidemargin -1.13809pt
\topmargin  -67.15991pt
\headheight 12.0pt
\headsep    25.0pt
\footskip   30.0pt
\marginparwidth 60.0pt
\marginparsep   10.0pt
\columnsep  19.24432pt
\skip\footins  9.0pt plus 4.0pt minus 2.0pt
\hoffset 0.0pt
\voffset 0.0pt
\mag 1000

(1in=72.27pt, 1cm=28.45pt)
-----------------------
[1

] [2] [3] [4] (./report.aux) ) 
Here is how much of TeX's memory you used:
 1889 strings out of 494089
 26766 string characters out of 3159939
 149766 words of memory out of 3000000
 5332 multiletter control sequences out of 15000+200000
 8142 words of font info for 34 fonts, out of 3000000 for 9000
 714 hyphenation exceptions out of 8191
 26i,5n,32p,202b,1564s stack positions out of 5000i,500n,10000p,200000b,50000s

Output written on report.dvi (4 pages, 14992 bytes).
